<?xml version="1.0" encoding="UTF-8"?>
<!-- Generated by org.testng.reporters.JUnitXMLReporter -->
<testsuite ignored="0" hostname="Avijeet-Desktop" failures="0" tests="12" name="Bookswagon App Test Cases" time="81.384" errors="0" timestamp="2022-08-08T13:54:59 IST">
  <testcase classname="com.testcases.HomePageTest" name="HomePageTitleTest" time="2.056"/>
  <testcase classname="com.testcases.HomePageTest" name="verifyUserNameTest" time="0.049"/>
  <testcase classname="com.testcases.SearchTestPage" name="verifySearchPageTest" time="4.135"/>
  <testcase classname="com.testcases.ChangePasswordTest" name="changePasswordTitleTest" time="0.011"/>
  <testcase classname="com.testcases.ChangePasswordTest" name="changePasswordofbooksawagonwithNewPassword" time="3.113"/>
  <testcase classname="com.testcases.LoginPageTest" name="multipleLoginTest" time="6.087"/>
  <testcase classname="com.testcases.LoginPageTest" name="multipleLoginTest" time="4.867"/>
  <testcase classname="com.testcases.LoginPageTest" name="multipleLoginTest" time="3.828"/>
  <testcase classname="com.testcases.LoginPageTest" name="loginPageTitleTest" time="0.018"/>
  <testcase classname="com.testcases.LoginPageTest" name="loginTest" time="1.367"/>
  <testcase classname="com.testcases.RequestBookTest" name="requestBookTitleTest" time="0.009"/>
  <testcase classname="com.testcases.RequestBookTest" name="Request_a_BookTest" time="0.921"/>
</testsuite> <!-- Bookswagon App Test Cases -->
