<?xml version="1.0" encoding="UTF-8"?>
<!-- Generated by org.testng.reporters.JUnitXMLReporter -->
<testsuite ignored="1" hostname="Avijeet-Desktop" failures="0" tests="1" name="Default test" time="7.579" errors="0" timestamp="2022-08-08T13:52:06 IST">
  <testcase classname="com.testcases.ChangePasswordTest" name="changePasswordofbooksawagonwithNewPassword" time="2.139"/>
  <testcase classname="com.testcases.ChangePasswordTest" name="changePasswordTitleTest" time="0.0">
    <ignored/>
  </testcase> <!-- changePasswordTitleTest -->
</testsuite> <!-- Default test -->
