<?xml version="1.0" encoding="UTF-8"?>
<testng-results ignored="0" total="12" passed="12" failed="0" skipped="0">
  <reporter-output>
  </reporter-output>
  <suite started-at="2022-08-08T13:53:37 IST" name="Bookswagon Application Test Automation Test Suite" finished-at="2022-08-08T13:54:59 IST" duration-ms="81384">
    <groups>
    </groups>
    <test started-at="2022-08-08T13:53:37 IST" name="Bookswagon App Test Cases" finished-at="2022-08-08T13:54:59 IST" duration-ms="81384">
      <class name="com.testcases.SearchTestPage">
        <test-method is-config="true" signature="setUp()[pri:0, instance:com.testcases.SearchTestPage@4ea5b703]" started-at="2022-08-08T13:53:51 IST" name="setUp" finished-at="2022-08-08T13:53:54 IST" duration-ms="3431" status="PASS">
          <reporter-output>
          </reporter-output>
        </test-method> <!-- setUp -->
        <test-method signature="verifySearchPageTest()[pri:1, instance:com.testcases.SearchTestPage@4ea5b703]" started-at="2022-08-08T13:53:54 IST" name="verifySearchPageTest" finished-at="2022-08-08T13:53:58 IST" duration-ms="4135" status="PASS">
          <reporter-output>
          </reporter-output>
        </test-method> <!-- verifySearchPageTest -->
      </class> <!-- com.testcases.SearchTestPage -->
      <class name="com.testcases.LoginPageTest">
        <test-method is-config="true" signature="setUp()[pri:0, instance:com.testcases.LoginPageTest@4f4c4b1a]" started-at="2022-08-08T13:54:12 IST" name="setUp" finished-at="2022-08-08T13:54:18 IST" duration-ms="5693" status="PASS">
          <reporter-output>
          </reporter-output>
        </test-method> <!-- setUp -->
        <test-method signature="multipleLoginTest(java.lang.String,java.lang.String)[pri:0, instance:com.testcases.LoginPageTest@4f4c4b1a]" started-at="2022-08-08T13:54:18 IST" name="multipleLoginTest" data-provider="getLoginTestData" finished-at="2022-08-08T13:54:24 IST" duration-ms="6087" status="PASS">
          <params>
            <param index="0">
              <value>
                <![CDATA[purabirout444@gmail.com]]>
              </value>
            </param>
            <param index="1">
              <value>
                <![CDATA[purvi@96]]>
              </value>
            </param>
          </params>
          <reporter-output>
          </reporter-output>
        </test-method> <!-- multipleLoginTest -->
        <test-method is-config="true" signature="tearDown()[pri:0, instance:com.testcases.LoginPageTest@4f4c4b1a]" started-at="2022-08-08T13:54:24 IST" name="tearDown" finished-at="2022-08-08T13:54:24 IST" duration-ms="446" status="PASS">
          <reporter-output>
          </reporter-output>
        </test-method> <!-- tearDown -->
        <test-method is-config="true" signature="setUp()[pri:0, instance:com.testcases.LoginPageTest@4f4c4b1a]" started-at="2022-08-08T13:54:24 IST" name="setUp" finished-at="2022-08-08T13:54:29 IST" duration-ms="4996" status="PASS">
          <reporter-output>
          </reporter-output>
        </test-method> <!-- setUp -->
        <test-method signature="multipleLoginTest(java.lang.String,java.lang.String)[pri:0, instance:com.testcases.LoginPageTest@4f4c4b1a]" started-at="2022-08-08T13:54:29 IST" name="multipleLoginTest" data-provider="getLoginTestData" finished-at="2022-08-08T13:54:34 IST" duration-ms="4867" status="PASS">
          <params>
            <param index="0">
              <value>
                <![CDATA[purabirout@1996gmail.com]]>
              </value>
            </param>
            <param index="1">
              <value>
                <![CDATA[purvi@123]]>
              </value>
            </param>
          </params>
          <reporter-output>
          </reporter-output>
        </test-method> <!-- multipleLoginTest -->
        <test-method is-config="true" signature="tearDown()[pri:0, instance:com.testcases.LoginPageTest@4f4c4b1a]" started-at="2022-08-08T13:54:34 IST" name="tearDown" finished-at="2022-08-08T13:54:34 IST" duration-ms="174" status="PASS">
          <reporter-output>
          </reporter-output>
        </test-method> <!-- tearDown -->
        <test-method is-config="true" signature="setUp()[pri:0, instance:com.testcases.LoginPageTest@4f4c4b1a]" started-at="2022-08-08T13:54:34 IST" name="setUp" finished-at="2022-08-08T13:54:37 IST" duration-ms="2814" status="PASS">
          <reporter-output>
          </reporter-output>
        </test-method> <!-- setUp -->
        <test-method signature="multipleLoginTest(java.lang.String,java.lang.String)[pri:0, instance:com.testcases.LoginPageTest@4f4c4b1a]" started-at="2022-08-08T13:54:37 IST" name="multipleLoginTest" data-provider="getLoginTestData" finished-at="2022-08-08T13:54:41 IST" duration-ms="3828" status="PASS">
          <params>
            <param index="0">
              <value>
                <![CDATA[purvi@1451gmail.com]]>
              </value>
            </param>
            <param index="1">
              <value>
                <![CDATA[purvi589@]]>
              </value>
            </param>
          </params>
          <reporter-output>
          </reporter-output>
        </test-method> <!-- multipleLoginTest -->
        <test-method is-config="true" signature="tearDown()[pri:0, instance:com.testcases.LoginPageTest@4f4c4b1a]" started-at="2022-08-08T13:54:41 IST" name="tearDown" finished-at="2022-08-08T13:54:41 IST" duration-ms="193" status="PASS">
          <reporter-output>
          </reporter-output>
        </test-method> <!-- tearDown -->
        <test-method is-config="true" signature="setUp()[pri:0, instance:com.testcases.LoginPageTest@4f4c4b1a]" started-at="2022-08-08T13:54:41 IST" name="setUp" finished-at="2022-08-08T13:54:45 IST" duration-ms="3553" status="PASS">
          <reporter-output>
          </reporter-output>
        </test-method> <!-- setUp -->
        <test-method signature="loginPageTitleTest()[pri:1, instance:com.testcases.LoginPageTest@4f4c4b1a]" started-at="2022-08-08T13:54:45 IST" name="loginPageTitleTest" finished-at="2022-08-08T13:54:45 IST" duration-ms="18" status="PASS">
          <reporter-output>
          </reporter-output>
        </test-method> <!-- loginPageTitleTest -->
        <test-method is-config="true" signature="tearDown()[pri:0, instance:com.testcases.LoginPageTest@4f4c4b1a]" started-at="2022-08-08T13:54:45 IST" name="tearDown" finished-at="2022-08-08T13:54:45 IST" duration-ms="274" status="PASS">
          <reporter-output>
          </reporter-output>
        </test-method> <!-- tearDown -->
        <test-method is-config="true" signature="setUp()[pri:0, instance:com.testcases.LoginPageTest@4f4c4b1a]" started-at="2022-08-08T13:54:45 IST" name="setUp" finished-at="2022-08-08T13:54:48 IST" duration-ms="3186" status="PASS">
          <reporter-output>
          </reporter-output>
        </test-method> <!-- setUp -->
        <test-method signature="loginTest()[pri:3, instance:com.testcases.LoginPageTest@4f4c4b1a]" started-at="2022-08-08T13:54:48 IST" name="loginTest" finished-at="2022-08-08T13:54:49 IST" duration-ms="1367" status="PASS">
          <reporter-output>
          </reporter-output>
        </test-method> <!-- loginTest -->
        <test-method is-config="true" signature="tearDown()[pri:0, instance:com.testcases.LoginPageTest@4f4c4b1a]" started-at="2022-08-08T13:54:49 IST" name="tearDown" finished-at="2022-08-08T13:54:50 IST" duration-ms="265" status="PASS">
          <reporter-output>
          </reporter-output>
        </test-method> <!-- tearDown -->
      </class> <!-- com.testcases.LoginPageTest -->
      <class name="com.testcases.HomePageTest">
        <test-method is-config="true" signature="setUp()[pri:0, instance:com.testcases.HomePageTest@2f666ebb]" started-at="2022-08-08T13:53:37 IST" name="setUp" finished-at="2022-08-08T13:53:44 IST" duration-ms="6540" status="PASS">
          <reporter-output>
          </reporter-output>
        </test-method> <!-- setUp -->
        <test-method signature="HomePageTitleTest()[pri:1, instance:com.testcases.HomePageTest@2f666ebb]" started-at="2022-08-08T13:53:44 IST" name="HomePageTitleTest" finished-at="2022-08-08T13:53:46 IST" duration-ms="2056" status="PASS">
          <reporter-output>
          </reporter-output>
        </test-method> <!-- HomePageTitleTest -->
        <test-method is-config="true" signature="tearDown()[pri:0, instance:com.testcases.HomePageTest@2f666ebb]" started-at="2022-08-08T13:53:46 IST" name="tearDown" finished-at="2022-08-08T13:53:46 IST" duration-ms="189" status="PASS">
          <reporter-output>
          </reporter-output>
        </test-method> <!-- tearDown -->
        <test-method is-config="true" signature="setUp()[pri:0, instance:com.testcases.HomePageTest@2f666ebb]" started-at="2022-08-08T13:53:46 IST" name="setUp" finished-at="2022-08-08T13:53:50 IST" duration-ms="4261" status="PASS">
          <reporter-output>
          </reporter-output>
        </test-method> <!-- setUp -->
        <test-method signature="verifyUserNameTest()[pri:2, instance:com.testcases.HomePageTest@2f666ebb]" started-at="2022-08-08T13:53:50 IST" name="verifyUserNameTest" finished-at="2022-08-08T13:53:50 IST" duration-ms="49" status="PASS">
          <reporter-output>
          </reporter-output>
        </test-method> <!-- verifyUserNameTest -->
        <test-method is-config="true" signature="tearDown()[pri:0, instance:com.testcases.HomePageTest@2f666ebb]" started-at="2022-08-08T13:53:50 IST" name="tearDown" finished-at="2022-08-08T13:53:51 IST" duration-ms="154" status="PASS">
          <reporter-output>
          </reporter-output>
        </test-method> <!-- tearDown -->
      </class> <!-- com.testcases.HomePageTest -->
      <class name="com.testcases.ChangePasswordTest">
        <test-method is-config="true" signature="setUp()[pri:0, instance:com.testcases.ChangePasswordTest@2a7ed1f]" started-at="2022-08-08T13:53:58 IST" name="setUp" finished-at="2022-08-08T13:54:03 IST" duration-ms="4691" status="PASS">
          <reporter-output>
          </reporter-output>
        </test-method> <!-- setUp -->
        <test-method signature="changePasswordTitleTest()[pri:1, instance:com.testcases.ChangePasswordTest@2a7ed1f]" started-at="2022-08-08T13:54:03 IST" name="changePasswordTitleTest" finished-at="2022-08-08T13:54:03 IST" duration-ms="11" status="PASS">
          <reporter-output>
          </reporter-output>
        </test-method> <!-- changePasswordTitleTest -->
        <test-method is-config="true" signature="setUp()[pri:0, instance:com.testcases.ChangePasswordTest@2a7ed1f]" started-at="2022-08-08T13:54:03 IST" name="setUp" finished-at="2022-08-08T13:54:07 IST" duration-ms="4087" status="PASS">
          <reporter-output>
          </reporter-output>
        </test-method> <!-- setUp -->
        <test-method signature="changePasswordofbooksawagonwithNewPassword()[pri:2, instance:com.testcases.ChangePasswordTest@2a7ed1f]" started-at="2022-08-08T13:54:07 IST" name="changePasswordofbooksawagonwithNewPassword" finished-at="2022-08-08T13:54:10 IST" duration-ms="3113" status="PASS">
          <reporter-output>
          </reporter-output>
        </test-method> <!-- changePasswordofbooksawagonwithNewPassword -->
      </class> <!-- com.testcases.ChangePasswordTest -->
      <class name="com.testcases.RequestBookTest">
        <test-method is-config="true" signature="setUp()[pri:0, instance:com.testcases.RequestBookTest@723e88f9]" started-at="2022-08-08T13:54:50 IST" name="setUp" finished-at="2022-08-08T13:54:53 IST" duration-ms="3639" status="PASS">
          <reporter-output>
          </reporter-output>
        </test-method> <!-- setUp -->
        <test-method signature="requestBookTitleTest()[pri:1, instance:com.testcases.RequestBookTest@723e88f9]" started-at="2022-08-08T13:54:53 IST" name="requestBookTitleTest" finished-at="2022-08-08T13:54:53 IST" duration-ms="9" status="PASS">
          <reporter-output>
          </reporter-output>
        </test-method> <!-- requestBookTitleTest -->
        <test-method is-config="true" signature="tearDown()[pri:0, instance:com.testcases.RequestBookTest@723e88f9]" started-at="2022-08-08T13:54:53 IST" name="tearDown" finished-at="2022-08-08T13:54:53 IST" duration-ms="174" status="PASS">
          <reporter-output>
          </reporter-output>
        </test-method> <!-- tearDown -->
        <test-method is-config="true" signature="setUp()[pri:0, instance:com.testcases.RequestBookTest@723e88f9]" started-at="2022-08-08T13:54:53 IST" name="setUp" finished-at="2022-08-08T13:54:58 IST" duration-ms="4021" status="PASS">
          <reporter-output>
          </reporter-output>
        </test-method> <!-- setUp -->
        <test-method signature="Request_a_BookTest()[pri:2, instance:com.testcases.RequestBookTest@723e88f9]" started-at="2022-08-08T13:54:58 IST" name="Request_a_BookTest" finished-at="2022-08-08T13:54:58 IST" duration-ms="921" status="PASS">
          <reporter-output>
          </reporter-output>
        </test-method> <!-- Request_a_BookTest -->
        <test-method is-config="true" signature="tearDown()[pri:0, instance:com.testcases.RequestBookTest@723e88f9]" started-at="2022-08-08T13:54:58 IST" name="tearDown" finished-at="2022-08-08T13:54:59 IST" duration-ms="155" status="PASS">
          <reporter-output>
          </reporter-output>
        </test-method> <!-- tearDown -->
      </class> <!-- com.testcases.RequestBookTest -->
    </test> <!-- Bookswagon App Test Cases -->
  </suite> <!-- Bookswagon Application Test Automation Test Suite -->
</testng-results>
